2023-12-18 18:42:43,047 - INFO - [chatbot log cleared]
2023-12-18 18:42:43,047 - INFO - [appearance mode set to "dark", theme set to "green"]
2023-12-18 18:42:43,267 - INFO - [frame initialized]
2023-12-18 18:42:43,267 - INFO - [font set to Menlo 12]
2023-12-18 18:42:43,271 - INFO - [entry field initialized, width: 500, height: 220]
2023-12-18 18:42:43,288 - INFO - [text box initialized, width: 500, height: 220]
2023-12-18 18:42:43,290 - INFO - [analyze button initialized, callback "self.analyze_sentence"]
2023-12-18 18:42:43,291 - INFO - [exit button initialized, callback "root.destroy"]
2023-12-18 18:42:43,291 - INFO - [root window initialized]
2023-12-18 18:42:55,490 - INFO - [user input fetched: The quick brown fox jumps over the lazy dog.]
2023-12-18 18:42:55,553 - INFO - [chatbot response fetched]: {
    "Sentiment": {
        "sentence": "The quick brown fox jumps over the lazy dog.",
        "polarity_score": 0.0,
        "subjectivity_score": 0.5,
        "polarity": "Neutral",
        "subjectivity": "Subjective"
    }
}
2023-12-18 18:42:55,554 - INFO - [chatbot response logged]: {
    "Sentiment": {
        "sentence": "The quick brown fox jumps over the lazy dog.",
        "polarity_score": 0.0,
        "subjectivity_score": 0.5,
        "polarity": "Neutral",
        "subjectivity": "Subjective"
    }
}
2023-12-18 18:42:55,554 - INFO - [chatbot response fetched: 
{
    "Sentiment": {
        "sentence": "The quick brown fox jumps over the lazy dog.",
        "polarity_score": 0.0,
        "subjectivity_score": 0.5,
        "polarity": "Neutral",
        "subjectivity": "Subjective"
    }
}]
2023-12-18 18:42:55,554 - INFO - [user input failed to fetch]
